
running 2 tests
test tests::integration_test::test_add_positive_numbers_integration ... ok
test tests::integration_test::test_add_negative_numbersintegration ... FAILED

failures:

---- tests::integration_test::test_add_negative_numbersintegration stdout ----
thread 'tests::integration_test::test_add_negative_numbersintegration' panicked at src/tests/integration_test.rs:13:9:
assertion `left == right` failed
  left: 1
 right: 0
note: run with `RUST_BACKTRACE=1` environment variable to display a backtrace


failures:
    tests::integration_test::test_add_negative_numbersintegration

test result: FAILED. 1 passed; 1 failed; 0 ignored; 0 measured; 2 filtered out; finished in 0.00s

